<?xml version="1.0" encoding="UTF-8"?>
<!-- Generated by org.testng.reporters.JUnitReportReporter -->
<testsuite hostname="LAPTOP-3LO9Q1DD" failures="0" tests="2" name="Academy.E2EProject.HomePage" time="12.021" errors="0" timestamp="2021-12-15T16:19:22 IST" skipped="0">
  <testcase classname="Academy.E2EProject.HomePage" name="basePageNavigation" time="8.934"/>
  <system-out/>
  <testcase classname="Academy.E2EProject.HomePage" name="basePageNavigation" time="3.087"/>
  <system-out/>
</testsuite> <!-- Academy.E2EProject.HomePage -->
