<?xml version="1.0" encoding="UTF-8"?>
<!-- Generated by org.testng.reporters.JUnitReportReporter -->
<testsuite hostname="LAPTOP-3LO9Q1DD" failures="0" tests="1" name="Academy.E2EProject.validateNavBar" time="0.128" errors="0" timestamp="2021-12-15T16:19:22 IST" skipped="0">
  <testcase classname="Academy.E2EProject.validateNavBar" name="basePageNavigation" time="0.128"/>
  <system-out/>
</testsuite> <!-- Academy.E2EProject.validateNavBar -->
