<?xml version="1.0" encoding="UTF-8"?>
<!-- Generated by org.testng.reporters.JUnitReportReporter -->
<testsuite hostname="LAPTOP-3LO9Q1DD" failures="0" tests="1" name="pageObjects.validateNavBar" time="13.257" errors="0" timestamp="2021-12-15T12:34:23 IST" skipped="0">
  <testcase classname="pageObjects.validateNavBar" name="basePageNavigation" time="13.257"/>
  <system-out/>
</testsuite> <!-- pageObjects.validateNavBar -->
