<?xml version="1.0" encoding="UTF-8"?>
<!-- Generated by org.testng.reporters.JUnitReportReporter -->
<testsuite skipped="0" hostname="LAPTOP-3LO9Q1DD" name="Academy.E2EProject.validateNavBar" tests="1" failures="0" timestamp="2021-12-15T16:46:59 IST" time="0.287" errors="0">
  <testcase name="basePageNavigation" time="0.287" classname="Academy.E2EProject.validateNavBar"/>
  <system-out/>
</testsuite> <!-- Academy.E2EProject.validateNavBar -->
