<?xml version="1.0" encoding="UTF-8"?>
<!-- Generated by org.testng.reporters.JUnitReportReporter -->
<testsuite skipped="0" hostname="LAPTOP-3LO9Q1DD" name="Academy.E2EProject.validateTitle" tests="1" failures="0" timestamp="2021-12-15T16:46:59 IST" time="0.060" errors="0">
  <testcase name="validateAppTitle" time="0.060" classname="Academy.E2EProject.validateTitle"/>
  <system-out/>
</testsuite> <!-- Academy.E2EProject.validateTitle -->
