<?xml version="1.0" encoding="UTF-8"?>
<!-- Generated by org.testng.reporters.JUnitReportReporter -->
<testsuite skipped="0" hostname="LAPTOP-3LO9Q1DD" name="Academy.E2EProject.HomePage" tests="2" failures="0" timestamp="2021-12-15T16:46:59 IST" time="10.923" errors="0">
  <testcase name="basePageNavigation" time="8.305" classname="Academy.E2EProject.HomePage"/>
  <system-out/>
  <testcase name="basePageNavigation" time="2.618" classname="Academy.E2EProject.HomePage"/>
  <system-out/>
</testsuite> <!-- Academy.E2EProject.HomePage -->
